Quantidade de ciclos total: 10

-------------------------------------------------------
Ciclo 1
IF:	add $t1, $t0, $t2
ID:	0
EX:	0
MEM:	0
WB:	0
-------------------------------------------------------
Ciclo 2
IF:	add $t4, $t5, $t6
ID:	add $t1, $t0, $t2
EX:	0
MEM:	0
WB:	0
-------------------------------------------------------
Ciclo 3
IF:	0
ID:	add $t4, $t5, $t6
EX:	add $t1, $t0, $t2
MEM:	0
WB:	0
-------------------------------------------------------
Ciclo 4
IF:	0
ID:	0
EX:	add $t4, $t5, $t6
MEM:	add $t1, $t0, $t2
WB:	0
-------------------------------------------------------
Ciclo 5
IF:	sub $s1, $t3, $t1
ID:	0
EX:	0
MEM:	add $t4, $t5, $t6
WB:	add $t1, $t0, $t2
-------------------------------------------------------
Ciclo 6
IF:	add $t1, $t0, $t2
ID:	sub $s1, $t3, $t1
EX:	0
MEM:	0
WB:	add $t4, $t5, $t6
-------------------------------------------------------
Ciclo 7
IF:	0
ID:	add $t1, $t0, $t2
EX:	sub $s1, $t3, $t1
MEM:	0
WB:	0
-------------------------------------------------------
Ciclo 8
IF:	0
ID:	0
EX:	add $t1, $t0, $t2
MEM:	sub $s1, $t3, $t1
WB:	0
-------------------------------------------------------
Ciclo 9
IF:	0
ID:	0
EX:	0
MEM:	add $t1, $t0, $t2
WB:	sub $s1, $t3, $t1
-------------------------------------------------------
Ciclo 10
IF:	0
ID:	0
EX:	0
MEM:	0
WB:	add $t1, $t0, $t2
-------------------------------------------------------
