Quantidade de ciclos total: 13

-------------------------------------------------------
Ciclo 1
IF:	j comecou
ID:	0
EX:	0
MEM:	0
WB:	0
-------------------------------------------------------
Ciclo 2
IF:	add $t0, $t1, $t2
ID:	j comecou
EX:	0
MEM:	0
WB:	0
-------------------------------------------------------
Ciclo 3
IF:	j A
ID:	add $t0, $t1, $t2
EX:	j comecou
MEM:	0
WB:	0
-------------------------------------------------------
Ciclo 4
IF:	bne $t2, $t1, B
ID:	j A
EX:	add $t0, $t1, $t2
MEM:	j comecou
WB:	0
-------------------------------------------------------
Ciclo 5
IF:	sw $t2, 64($t0)
ID:	bne $t2, $t1, B
EX:	j A
MEM:	add $t0, $t1, $t2
WB:	j comecou
-------------------------------------------------------
Ciclo 6
IF:	j C
ID:	sw $t2, 64($t0)
EX:	bne $t2, $t1, B
MEM:	j A
WB:	add $t0, $t1, $t2
-------------------------------------------------------
Ciclo 7
IF:	sub $s1, $s0, $t1
ID:	j C
EX:	sw $t2, 64($t0)
MEM:	bne $t2, $t1, B
WB:	j A
-------------------------------------------------------
Ciclo 8
IF:	j D
ID:	sub $s1, $s0, $t1
EX:	j C
MEM:	sw $t2, 64($t0)
WB:	bne $t2, $t1, B
-------------------------------------------------------
Ciclo 9
IF:	add $t0, $t1, $t2
ID:	j D
EX:	sub $s1, $s0, $t1
MEM:	j C
WB:	sw $t2, 64($t0)
-------------------------------------------------------
Ciclo 10
IF:	0
ID:	add $t0, $t1, $t2
EX:	j D
MEM:	sub $s1, $s0, $t1
WB:	j C
-------------------------------------------------------
Ciclo 11
IF:	0
ID:	0
EX:	add $t0, $t1, $t2
MEM:	j D
WB:	sub $s1, $s0, $t1
-------------------------------------------------------
Ciclo 12
IF:	0
ID:	0
EX:	0
MEM:	add $t0, $t1, $t2
WB:	j D
-------------------------------------------------------
Ciclo 13
IF:	0
ID:	0
EX:	0
MEM:	0
WB:	add $t0, $t1, $t2
-------------------------------------------------------
