Quantidade de ciclos total: 24

-------------------------------------------------------
Ciclo 1
IF:	add $t0, $zero, $v0
ID:	0
EX:	0
MEM:	0
WB:	0
-------------------------------------------------------
Ciclo 2
IF:	0
ID:	add $t0, $zero, $v0
EX:	0
MEM:	0
WB:	0
-------------------------------------------------------
Ciclo 3
IF:	0
ID:	0
EX:	add $t0, $zero, $v0
MEM:	0
WB:	0
-------------------------------------------------------
Ciclo 4
IF:	0
ID:	0
EX:	0
MEM:	add $t0, $zero, $v0
WB:	0
-------------------------------------------------------
Ciclo 5
IF:	add $t1, $t0, $t2
ID:	0
EX:	0
MEM:	0
WB:	add $t0, $zero, $v0
-------------------------------------------------------
Ciclo 6
IF:	0
ID:	add $t1, $t0, $t2
EX:	0
MEM:	0
WB:	0
-------------------------------------------------------
Ciclo 7
IF:	0
ID:	0
EX:	add $t1, $t0, $t2
MEM:	0
WB:	0
-------------------------------------------------------
Ciclo 8
IF:	0
ID:	0
EX:	0
MEM:	add $t1, $t0, $t2
WB:	0
-------------------------------------------------------
Ciclo 9
IF:	sub $s0, $t3, $t1
ID:	0
EX:	0
MEM:	0
WB:	add $t1, $t0, $t2
-------------------------------------------------------
Ciclo 10
IF:	0
ID:	sub $s0, $t3, $t1
EX:	0
MEM:	0
WB:	0
-------------------------------------------------------
Ciclo 11
IF:	0
ID:	0
EX:	sub $s0, $t3, $t1
MEM:	0
WB:	0
-------------------------------------------------------
Ciclo 12
IF:	0
ID:	0
EX:	0
MEM:	sub $s0, $t3, $t1
WB:	0
-------------------------------------------------------
Ciclo 13
IF:	lw $t4, 4($s0)
ID:	0
EX:	0
MEM:	0
WB:	sub $s0, $t3, $t1
-------------------------------------------------------
Ciclo 14
IF:	0
ID:	lw $t4, 4($s0)
EX:	0
MEM:	0
WB:	0
-------------------------------------------------------
Ciclo 15
IF:	0
ID:	0
EX:	lw $t4, 4($s0)
MEM:	0
WB:	0
-------------------------------------------------------
Ciclo 16
IF:	0
ID:	0
EX:	0
MEM:	lw $t4, 4($s0)
WB:	0
-------------------------------------------------------
Ciclo 17
IF:	beq $s0, $t4, DENTRO
ID:	0
EX:	0
MEM:	0
WB:	lw $t4, 4($s0)
-------------------------------------------------------
Ciclo 18
IF:	sw $t8, 0($s8)
ID:	beq $s0, $t4, DENTRO
EX:	0
MEM:	0
WB:	0
-------------------------------------------------------
Ciclo 19
IF:	sub $t1, $t2, $t3
ID:	sw $t8, 0($s8)
EX:	beq $s0, $t4, DENTRO
MEM:	0
WB:	0
-------------------------------------------------------
Ciclo 20
IF:	lw $t0, 8($s1)
ID:	sub $t1, $t2, $t3
EX:	sw $t8, 0($s8)
MEM:	beq $s0, $t4, DENTRO
WB:	0
-------------------------------------------------------
Ciclo 21
IF:	0
ID:	lw $t0, 8($s1)
EX:	sub $t1, $t2, $t3
MEM:	sw $t8, 0($s8)
WB:	beq $s0, $t4, DENTRO
-------------------------------------------------------
Ciclo 22
IF:	0
ID:	0
EX:	lw $t0, 8($s1)
MEM:	sub $t1, $t2, $t3
WB:	sw $t8, 0($s8)
-------------------------------------------------------
Ciclo 23
IF:	0
ID:	0
EX:	0
MEM:	lw $t0, 8($s1)
WB:	sub $t1, $t2, $t3
-------------------------------------------------------
Ciclo 24
IF:	0
ID:	0
EX:	0
MEM:	0
WB:	lw $t0, 8($s1)
-------------------------------------------------------
