Quantidade de ciclos total: 9

-------------------------------------------------------
Ciclo 1
IF:	add $t0, $t1, $t2
ID:	0
EX:	0
MEM:	0
WB:	0
-------------------------------------------------------
Ciclo 2
IF:	0
ID:	add $t0, $t1, $t2
EX:	0
MEM:	0
WB:	0
-------------------------------------------------------
Ciclo 3
IF:	0
ID:	0
EX:	add $t0, $t1, $t2
MEM:	0
WB:	0
-------------------------------------------------------
Ciclo 4
IF:	0
ID:	0
EX:	0
MEM:	add $t0, $t1, $t2
WB:	0
-------------------------------------------------------
Ciclo 5
IF:	sub $s0, $t0, $t1
ID:	0
EX:	0
MEM:	0
WB:	add $t0, $t1, $t2
-------------------------------------------------------
Ciclo 6
IF:	0
ID:	sub $s0, $t0, $t1
EX:	0
MEM:	0
WB:	0
-------------------------------------------------------
Ciclo 7
IF:	0
ID:	0
EX:	sub $s0, $t0, $t1
MEM:	0
WB:	0
-------------------------------------------------------
Ciclo 8
IF:	0
ID:	0
EX:	0
MEM:	sub $s0, $t0, $t1
WB:	0
-------------------------------------------------------
Ciclo 9
IF:	0
ID:	0
EX:	0
MEM:	0
WB:	sub $s0, $t0, $t1
-------------------------------------------------------
