Quantidade de ciclos total: 15

-------------------------------------------------------
Ciclo 1
IF:	add $t0, $t1, $t2
ID:	0
EX:	0
MEM:	0
WB:	0
-------------------------------------------------------
Ciclo 2
IF:	sub $s1, $s0, $t1
ID:	add $t0, $t1, $t2
EX:	0
MEM:	0
WB:	0
-------------------------------------------------------
Ciclo 3
IF:	0
ID:	sub $s1, $s0, $t1
EX:	add $t0, $t1, $t2
MEM:	0
WB:	0
-------------------------------------------------------
Ciclo 4
IF:	0
ID:	0
EX:	sub $s1, $s0, $t1
MEM:	add $t0, $t1, $t2
WB:	0
-------------------------------------------------------
Ciclo 5
IF:	0
ID:	0
EX:	0
MEM:	sub $s1, $s0, $t1
WB:	add $t0, $t1, $t2
-------------------------------------------------------
Ciclo 6
IF:	add $t0, $s1, $t2
ID:	0
EX:	0
MEM:	0
WB:	sub $s1, $s0, $t1
-------------------------------------------------------
Ciclo 7
IF:	0
ID:	add $t0, $s1, $t2
EX:	0
MEM:	0
WB:	0
-------------------------------------------------------
Ciclo 8
IF:	0
ID:	0
EX:	add $t0, $s1, $t2
MEM:	0
WB:	0
-------------------------------------------------------
Ciclo 9
IF:	0
ID:	0
EX:	0
MEM:	add $t0, $s1, $t2
WB:	0
-------------------------------------------------------
Ciclo 10
IF:	sw $t2, 64($t0)
ID:	0
EX:	0
MEM:	0
WB:	add $t0, $s1, $t2
-------------------------------------------------------
Ciclo 11
IF:	lw $t0, 64($t2)
ID:	sw $t2, 64($t0)
EX:	0
MEM:	0
WB:	0
-------------------------------------------------------
Ciclo 12
IF:	0
ID:	lw $t0, 64($t2)
EX:	sw $t2, 64($t0)
MEM:	0
WB:	0
-------------------------------------------------------
Ciclo 13
IF:	0
ID:	0
EX:	lw $t0, 64($t2)
MEM:	sw $t2, 64($t0)
WB:	0
-------------------------------------------------------
Ciclo 14
IF:	0
ID:	0
EX:	0
MEM:	lw $t0, 64($t2)
WB:	sw $t2, 64($t0)
-------------------------------------------------------
Ciclo 15
IF:	0
ID:	0
EX:	0
MEM:	0
WB:	lw $t0, 64($t2)
-------------------------------------------------------
